# JRE version: Java(TM) SE Runtime Environment (10.0.2+13) (build 10.0.2+13)
# Java VM: Java HotSpot(TM) 64-Bit Server VM (10.0.2+13, mixed mode, tiered, compressed oops, g1 gc, windows-amd64)
Heap:
 garbage-first heap   total 262144K, used 47326K [0x00000006c1000000, 0x00000007c0000000)
  region size 1024K, 47 young (48128K), 1 survivors (1024K)
 Metaspace       used 7322K, capacity 7405K, committed 7552K, reserved 1056768K
  class space    used 600K, capacity 612K, committed 640K, reserved 1048576K
GC Heap History (10 events):
Event: 34508.244 GC heap before
{Heap before GC invocations=7582 (full 0):
 garbage-first heap   total 262144K, used 156890K [0x00000006c1000000, 0x00000007c0000000)
  region size 1024K, 153 young (156672K), 1 survivors (1024K)
 Metaspace       used 7322K, capacity 7405K, committed 7552K, reserved 1056768K
  class space    used 600K, capacity 612K, committed 640K, reserved 1048576K
}
Event: 34508.245 GC heap after
{Heap after GC invocations=7583 (full 0):
 garbage-first heap   total 262144K, used 1244K [0x00000006c1000000, 0x00000007c0000000)
  region size 1024K, 1 young (1024K), 1 survivors (1024K)
 Metaspace       used 7322K, capacity 7405K, committed 7552K, reserved 1056768K
  class space    used 600K, capacity 612K, committed 640K, reserved 1048576K
}
Event: 34511.296 GC heap before
{Heap before GC invocations=7583 (full 0):
 garbage-first heap   total 262144K, used 156892K [0x00000006c1000000, 0x00000007c0000000)
  region size 1024K, 153 young (156672K), 1 survivors (1024K)
 Metaspace       used 7322K, capacity 7405K, committed 7552K, reserved 1056768K
  class space    used 600K, capacity 612K, committed 640K, reserved 1048576K
}
Event: 34511.296 GC heap after
{Heap after GC invocations=7584 (full 0):
 garbage-first heap   total 262144K, used 1246K [0x00000006c1000000, 0x00000007c0000000)
  region size 1024K, 1 young (1024K), 1 survivors (1024K)
 Metaspace       used 7322K, capacity 7405K, committed 7552K, reserved 1056768K
  class space    used 600K, capacity 612K, committed 640K, reserved 1048576K
}
Event: 34514.399 GC heap before
{Heap before GC invocations=7584 (full 0):
 garbage-first heap   total 262144K, used 156894K [0x00000006c1000000, 0x00000007c0000000)
  region size 1024K, 153 young (156672K), 1 survivors (1024K)
 Metaspace       used 7322K, capacity 7405K, committed 7552K, reserved 1056768K
  class space    used 600K, capacity 612K, committed 640K, reserved 1048576K
}
Event: 34514.399 GC heap after
{Heap after GC invocations=7585 (full 0):
 garbage-first heap   total 262144K, used 1246K [0x00000006c1000000, 0x00000007c0000000)
  region size 1024K, 1 young (1024K), 1 survivors (1024K)
 Metaspace       used 7322K, capacity 7405K, committed 7552K, reserved 1056768K
  class space    used 600K, capacity 612K, committed 640K, reserved 1048576K
}
Event: 34517.474 GC heap before
{Heap before GC invocations=7585 (full 0):
 garbage-first heap   total 262144K, used 156894K [0x00000006c1000000, 0x00000007c0000000)
  region size 1024K, 153 young (156672K), 1 survivors (1024K)
 Metaspace       used 7322K, capacity 7405K, committed 7552K, reserved 1056768K
  class space    used 600K, capacity 612K, committed 640K, reserved 1048576K
}
Event: 34517.474 GC heap after
{Heap after GC invocations=7586 (full 0):
 garbage-first heap   total 262144K, used 1246K [0x00000006c1000000, 0x00000007c0000000)
  region size 1024K, 1 young (1024K), 1 survivors (1024K)
 Metaspace       used 7322K, capacity 7405K, committed 7552K, reserved 1056768K
  class space    used 600K, capacity 612K, committed 640K, reserved 1048576K
}
Event: 34520.569 GC heap before
{Heap before GC invocations=7586 (full 0):
 garbage-first heap   total 262144K, used 156894K [0x00000006c1000000, 0x00000007c0000000)
  region size 1024K, 153 young (156672K), 1 survivors (1024K)
 Metaspace       used 7322K, capacity 7405K, committed 7552K, reserved 1056768K
  class space    used 600K, capacity 612K, committed 640K, reserved 1048576K
}
Event: 34520.570 GC heap after
{Heap after GC invocations=7587 (full 0):
 garbage-first heap   total 262144K, used 1246K [0x00000006c1000000, 0x00000007c0000000)
  region size 1024K, 1 young (1024K), 1 survivors (1024K)
 Metaspace       used 7322K, capacity 7405K, committed 7552K, reserved 1056768K
  class space    used 600K, capacity 612K, committed 640K, reserved 1048576K
}

